src/components/AQTApp.tsx(2265,15): error TS2339: Property 'time' does not exist on type 'Trade'.
src/components/AQTApp.tsx(2277,7): error TS2448: Block-scoped variable 'addNotification' used before its declaration.
src/components/AQTApp.tsx(2287,7): error TS2448: Block-scoped variable 'addNotification' used before its declaration.
src/data/demoTrades.ts(93,13): error TS2353: Object literal may only specify known properties, and 'time' does not exist in type 'Trade'.
